# JRE version: OpenJDK Runtime Environment (8.0_202-b03) (build 1.8.0_202-release-1483-b03)
# Java VM: OpenJDK 64-Bit Server VM (25.202-b03 mixed mode windows-amd64 compressed oops)
Heap:
 PSYoungGen      total 47616K, used 10912K [0x00000000e0000000, 0x00000000e3880000, 0x0000000100000000)
  eden space 41984K, 22% used [0x00000000e0000000,0x00000000e095bcf0,0x00000000e2900000)
  from space 5632K, 23% used [0x00000000e2900000,0x00000000e2a4c690,0x00000000e2e80000)
  to   space 5632K, 0% used [0x00000000e3300000,0x00000000e3300000,0x00000000e3880000)
 ParOldGen       total 40448K, used 18261K [0x00000000a0000000, 0x00000000a2780000, 0x00000000e0000000)
  object space 40448K, 45% used [0x00000000a0000000,0x00000000a11d5490,0x00000000a2780000)
 Metaspace       used 43537K, capacity 44204K, committed 44544K, reserved 1087488K
  class space    used 5652K, capacity 5860K, committed 5888K, reserved 1048576K
GC Heap History (10 events):
Event: 242.940 GC heap before
{Heap before GC invocations=27 (full 2):
 PSYoungGen      total 49152K, used 44417K [0x00000000e0000000, 0x00000000e3680000, 0x0000000100000000)
  eden space 43520K, 100% used [0x00000000e0000000,0x00000000e2a80000,0x00000000e2a80000)
  from space 5632K, 15% used [0x00000000e3100000,0x00000000e31e0460,0x00000000e3680000)
  to   space 6144K, 0% used [0x00000000e2a80000,0x00000000e2a80000,0x00000000e3080000)
 ParOldGen       total 40448K, used 18221K [0x00000000a0000000, 0x00000000a2780000, 0x00000000e0000000)
  object space 40448K, 45% used [0x00000000a0000000,0x00000000a11cb490,0x00000000a2780000)
 Metaspace       used 42880K, capacity 43634K, committed 44032K, reserved 1087488K
  class space    used 5601K, capacity 5822K, committed 5888K, reserved 1048576K
Event: 242.951 GC heap after
Heap after GC invocations=27 (full 2):
 PSYoungGen      total 49664K, used 961K [0x00000000e0000000, 0x00000000e3a00000, 0x0000000100000000)
  eden space 43520K, 0% used [0x00000000e0000000,0x00000000e0000000,0x00000000e2a80000)
  from space 6144K, 15% used [0x00000000e2a80000,0x00000000e2b70460,0x00000000e3080000)
  to   space 6144K, 0% used [0x00000000e3400000,0x00000000e3400000,0x00000000e3a00000)
 ParOldGen       total 40448K, used 18229K [0x00000000a0000000, 0x00000000a2780000, 0x00000000e0000000)
  object space 40448K, 45% used [0x00000000a0000000,0x00000000a11cd490,0x00000000a2780000)
 Metaspace       used 42880K, capacity 43634K, committed 44032K, reserved 1087488K
  class space    used 5601K, capacity 5822K, committed 5888K, reserved 1048576K
}
Event: 264.234 GC heap before
{Heap before GC invocations=28 (full 2):
 PSYoungGen      total 49664K, used 44481K [0x00000000e0000000, 0x00000000e3a00000, 0x0000000100000000)
  eden space 43520K, 100% used [0x00000000e0000000,0x00000000e2a80000,0x00000000e2a80000)
  from space 6144K, 15% used [0x00000000e2a80000,0x00000000e2b70460,0x00000000e3080000)
  to   space 6144K, 0% used [0x00000000e3400000,0x00000000e3400000,0x00000000e3a00000)
 ParOldGen       total 40448K, used 18229K [0x00000000a0000000, 0x00000000a2780000, 0x00000000e0000000)
  object space 40448K, 45% used [0x00000000a0000000,0x00000000a11cd490,0x00000000a2780000)
 Metaspace       used 43010K, capacity 43638K, committed 44032K, reserved 1087488K
  class space    used 5606K, capacity 5822K, committed 5888K, reserved 1048576K
Event: 264.245 GC heap after
Heap after GC invocations=28 (full 2):
 PSYoungGen      total 44032K, used 1201K [0x00000000e0000000, 0x00000000e3580000, 0x0000000100000000)
  eden space 42496K, 0% used [0x00000000e0000000,0x00000000e0000000,0x00000000e2980000)
  from space 1536K, 78% used [0x00000000e3400000,0x00000000e352c690,0x00000000e3580000)
  to   space 6144K, 0% used [0x00000000e2980000,0x00000000e2980000,0x00000000e2f80000)
 ParOldGen       total 40448K, used 18237K [0x00000000a0000000, 0x00000000a2780000, 0x00000000e0000000)
  object space 40448K, 45% used [0x00000000a0000000,0x00000000a11cf490,0x00000000a2780000)
 Metaspace       used 43010K, capacity 43638K, committed 44032K, reserved 1087488K
  class space    used 5606K, capacity 5822K, committed 5888K, reserved 1048576K
}
Event: 283.541 GC heap before
{Heap before GC invocations=29 (full 2):
 PSYoungGen      total 44032K, used 43697K [0x00000000e0000000, 0x00000000e3580000, 0x0000000100000000)
  eden space 42496K, 100% used [0x00000000e0000000,0x00000000e2980000,0x00000000e2980000)
  from space 1536K, 78% used [0x00000000e3400000,0x00000000e352c690,0x00000000e3580000)
  to   space 6144K, 0% used [0x00000000e2980000,0x00000000e2980000,0x00000000e2f80000)
 ParOldGen       total 40448K, used 18237K [0x00000000a0000000, 0x00000000a2780000, 0x00000000e0000000)
  object space 40448K, 45% used [0x00000000a0000000,0x00000000a11cf490,0x00000000a2780000)
 Metaspace       used 43270K, capacity 43994K, committed 44288K, reserved 1087488K
  class space    used 5627K, capacity 5854K, committed 5888K, reserved 1048576K
Event: 283.552 GC heap after
Heap after GC invocations=29 (full 2):
 PSYoungGen      total 43520K, used 1553K [0x00000000e0000000, 0x00000000e3480000, 0x0000000100000000)
  eden space 41472K, 0% used [0x00000000e0000000,0x00000000e0000000,0x00000000e2880000)
  from space 2048K, 75% used [0x00000000e2980000,0x00000000e2b04690,0x00000000e2b80000)
  to   space 6144K, 0% used [0x00000000e2e80000,0x00000000e2e80000,0x00000000e3480000)
 ParOldGen       total 40448K, used 18245K [0x00000000a0000000, 0x00000000a2780000, 0x00000000e0000000)
  object space 40448K, 45% used [0x00000000a0000000,0x00000000a11d1490,0x00000000a2780000)
 Metaspace       used 43270K, capacity 43994K, committed 44288K, reserved 1087488K
  class space    used 5627K, capacity 5854K, committed 5888K, reserved 1048576K
}
Event: 285.301 GC heap before
{Heap before GC invocations=30 (full 2):
 PSYoungGen      total 43520K, used 43025K [0x00000000e0000000, 0x00000000e3480000, 0x0000000100000000)
  eden space 41472K, 100% used [0x00000000e0000000,0x00000000e2880000,0x00000000e2880000)
  from space 2048K, 75% used [0x00000000e2980000,0x00000000e2b04690,0x00000000e2b80000)
  to   space 6144K, 0% used [0x00000000e2e80000,0x00000000e2e80000,0x00000000e3480000)
 ParOldGen       total 40448K, used 18245K [0x00000000a0000000, 0x00000000a2780000, 0x00000000e0000000)
  object space 40448K, 45% used [0x00000000a0000000,0x00000000a11d1490,0x00000000a2780000)
 Metaspace       used 43275K, capacity 43994K, committed 44288K, reserved 1087488K
  class space    used 5627K, capacity 5854K, committed 5888K, reserved 1048576K
Event: 285.312 GC heap after
Heap after GC invocations=30 (full 2):
 PSYoungGen      total 48128K, used 1314K [0x00000000e0000000, 0x00000000e3700000, 0x0000000100000000)
  eden space 41984K, 0% used [0x00000000e0000000,0x00000000e0000000,0x00000000e2900000)
  from space 6144K, 21% used [0x00000000e2e80000,0x00000000e2fc88c0,0x00000000e3480000)
  to   space 5632K, 0% used [0x00000000e2900000,0x00000000e2900000,0x00000000e2e80000)
 ParOldGen       total 40448K, used 18253K [0x00000000a0000000, 0x00000000a2780000, 0x00000000e0000000)
  object space 40448K, 45% used [0x00000000a0000000,0x00000000a11d3490,0x00000000a2780000)
 Metaspace       used 43275K, capacity 43994K, committed 44288K, reserved 1087488K
  class space    used 5627K, capacity 5854K, committed 5888K, reserved 1048576K
}
Event: 286.550 GC heap before
{Heap before GC invocations=31 (full 2):
 PSYoungGen      total 48128K, used 43298K [0x00000000e0000000, 0x00000000e3700000, 0x0000000100000000)
  eden space 41984K, 100% used [0x00000000e0000000,0x00000000e2900000,0x00000000e2900000)
  from space 6144K, 21% used [0x00000000e2e80000,0x00000000e2fc88c0,0x00000000e3480000)
  to   space 5632K, 0% used [0x00000000e2900000,0x00000000e2900000,0x00000000e2e80000)
 ParOldGen       total 40448K, used 18253K [0x00000000a0000000, 0x00000000a2780000, 0x00000000e0000000)
  object space 40448K, 45% used [0x00000000a0000000,0x00000000a11d3490,0x00000000a2780000)
 Metaspace       used 43281K, capacity 43994K, committed 44288K, reserved 1087488K
  class space    used 5627K, capacity 5854K, committed 5888K, reserved 1048576K
Event: 286.558 GC heap after
Heap after GC invocations=31 (full 2):
 PSYoungGen      total 47616K, used 1329K [0x00000000e0000000, 0x00000000e3880000, 0x0000000100000000)
  eden space 41984K, 0% used [0x00000000e0000000,0x00000000e0000000,0x00000000e2900000)
  from space 5632K, 23% used [0x00000000e2900000,0x00000000e2a4c690,0x00000000e2e80000)
  to   space 5632K, 0% used [0x00000000e3300000,0x00000000e3300000,0x00000000e3880000)
 ParOldGen       total 40448K, used 18261K [0x00000000a0000000, 0x00000000a2780000, 0x00000000e0000000)
  object space 40448K, 45% used [0x00000000a0000000,0x00000000a11d5490,0x00000000a2780000)
 Metaspace       used 43281K, capacity 43994K, committed 44288K, reserved 1087488K
  class space    used 5627K, capacity 5854K, committed 5888K, reserved 1048576K
}

